[ 2017-12-05T22:05:51+08:00 ] 140.205.201.38 /index.php?m=wap&a=index&siteid=1
INFO: [ app_init ] --START--
INFO: Run Behavior\BuildLiteBehavior [ RunTime:0.000014s ]
INFO: [ app_init ] --END-- [ RunTime:0.000345s ]
ERR: 无法加载模块:Wap

[ 2017-12-05T22:05:51+08:00 ] 140.205.201.38 /index.php?m=wap&a=index&siteid=1
INFO: [ app_init ] --START--
INFO: Run Behavior\BuildLiteBehavior [ RunTime:0.000012s ]
INFO: [ app_init ] --END-- [ RunTime:0.000295s ]
ERR: 无法加载模块:Wap

[ 2017-12-05T22:05:52+08:00 ] 140.205.201.38 /index.php?m=member&c=index&a=register&siteid=1
INFO: [ app_init ] --START--
INFO: Run Behavior\BuildLiteBehavior [ RunTime:0.000015s ]
INFO: [ app_init ] --END-- [ RunTime:0.000321s ]
ERR: 无法加载模块:Member

[ 2017-12-05T22:05:52+08:00 ] 140.205.201.38 /index.php?m=member&c=index&a=register&siteid=1
INFO: [ app_init ] --START--
INFO: Run Behavior\BuildLiteBehavior [ RunTime:0.000018s ]
INFO: [ app_init ] --END-- [ RunTime:0.000405s ]
ERR: 无法加载模块:Member

[ 2017-12-05T22:10:45+08:00 ] 140.205.201.38 /index.php?g=Wap&m=Dining&a=ShowDetail&id=2%20and%20updatexml(1,concat(0x7e,md5(1),0x7e),0)%23
INFO: [ app_init ] --START--
INFO: Run Behavior\BuildLiteBehavior [ RunTime:0.000014s ]
INFO: [ app_init ] --END-- [ RunTime:0.000302s ]
ERR: 无法加载模块:Dining

[ 2017-12-05T22:12:10+08:00 ] 140.205.201.38 /index.php?g=Wap&m=Dining&a=ShowDetail&id=2%20and%20updatexml(1,concat(0x7e,md5(1),0x7e),0)%23
INFO: [ app_init ] --START--
INFO: Run Behavior\BuildLiteBehavior [ RunTime:0.000014s ]
INFO: [ app_init ] --END-- [ RunTime:0.000310s ]
ERR: 无法加载模块:Dining

