[ 2017-11-20T10:00:55+08:00 ] 127.0.0.1 /Phonepadgames/
INFO: [ app_init ] --START--
INFO: Run Behavior\BuildLiteBehavior [ RunTime:0.000000s ]
INFO: [ app_init ] --END-- [ RunTime:0.025001s ]
INFO: [ app_begin ] --START--
INFO: Run Behavior\ReadHtmlCacheBehavior [ RunTime:0.021001s ]
INFO: [ app_begin ] --END-- [ RunTime:0.021001s ]
SQL: SHOW COLUMNS FROM `mxd_document` [ RunTime:0.1040s ]
SQL: SELECT * FROM `mxd_document`  [ RunTime:0.0010s ]
SQL: SHOW COLUMNS FROM `mxd_seo` [ RunTime:0.0620s ]
SQL: SHOW COLUMNS FROM `mxd_article_class` [ RunTime:0.0550s ]
SQL: SELECT * FROM `mxd_article_class` ORDER BY ac_sort asc  [ RunTime:0.0000s ]
SQL: SHOW COLUMNS FROM `mxd_adv_position` [ RunTime:0.0510s ]
SQL: SELECT * FROM `mxd_adv_position` WHERE ( ap_code='banner' )  [ RunTime:0.0120s ]
SQL: SELECT * FROM `mxd_adv_position` WHERE ( ap_code='index' ) LIMIT 4   [ RunTime:0.0010s ]
SQL: SELECT * FROM `mxd_adv_position` WHERE ( ap_code='link' )  [ RunTime:0.0010s ]
SQL: SHOW COLUMNS FROM `mxd_article` [ RunTime:0.0470s ]
SQL: SELECT * FROM `mxd_article` WHERE ( article_show=1 and ac_id=11 ) ORDER BY article_sort desc LIMIT 4   [ RunTime:0.0870s ]
SQL: SELECT * FROM `mxd_article` WHERE ( article_show=1 and ac_id=15 ) ORDER BY article_sort desc LIMIT 4   [ RunTime:0.0050s ]
SQL: SELECT * FROM `mxd_article` WHERE ( article_show=1 and ac_id=2 ) ORDER BY article_sort desc LIMIT 4   [ RunTime:0.0010s ]
SQL: SELECT * FROM `mxd_article` WHERE ( article_show=1 and ac_id=16 ) ORDER BY article_sort desc LIMIT 4   [ RunTime:0.0020s ]
SQL: SELECT * FROM `mxd_seo` WHERE ( type='index' ) LIMIT 1   [ RunTime:0.0000s ]
INFO: [ view_parse ] --START--
INFO: [ template_filter ] --START--
INFO: Run Behavior\ContentReplaceBehavior [ RunTime:0.001000s ]
INFO: [ template_filter ] --END-- [ RunTime:0.001000s ]
NOTIC: [8] Undefined variable: list C:\xamppnew\htdocs\PhonepadGames\WebApp\Runtime\Cache\Home\f979f298028cb7d6c5db82f38598cb54.php 第 152 行.
NOTIC: [8] Undefined variable: page C:\xamppnew\htdocs\PhonepadGames\WebApp\Runtime\Cache\Home\f979f298028cb7d6c5db82f38598cb54.php 第 158 行.
INFO: Run Behavior\ParseTemplateBehavior [ RunTime:0.196012s ]
INFO: [ view_parse ] --END-- [ RunTime:0.196012s ]
INFO: [ view_filter ] --START--
INFO: Run Behavior\WriteHtmlCacheBehavior [ RunTime:0.030002s ]
INFO: [ view_filter ] --END-- [ RunTime:0.032002s ]
INFO: [ app_end ] --START--
INFO: Run Behavior\ShowPageTraceBehavior [ RunTime:0.022001s ]
INFO: [ app_end ] --END-- [ RunTime:0.023001s ]

[ 2017-11-20T10:00:56+08:00 ] 127.0.0.1 /Phonepadgames/Public/home/img/qrcode.png
INFO: [ app_init ] --START--
INFO: Run Behavior\BuildLiteBehavior [ RunTime:0.000000s ]
INFO: [ app_init ] --END-- [ RunTime:0.000000s ]

