[ 2017-11-28T10:24:57+08:00 ] ::1 /Phonepadgames/
INFO: [ app_init ] --START--
INFO: Run Behavior\BuildLiteBehavior [ RunTime:0.000000s ]
INFO: [ app_init ] --END-- [ RunTime:0.016001s ]
INFO: [ app_begin ] --START--
INFO: Run Behavior\ReadHtmlCacheBehavior [ RunTime:0.008000s ]
INFO: [ app_begin ] --END-- [ RunTime:0.010000s ]
SQL: SHOW COLUMNS FROM `mxd_document` [ RunTime:0.0290s ]
SQL: SELECT * FROM `mxd_document`  [ RunTime:0.0010s ]
SQL: SHOW COLUMNS FROM `mxd_seo` [ RunTime:0.0210s ]
SQL: SHOW COLUMNS FROM `mxd_article_class` [ RunTime:0.0330s ]
SQL: SELECT * FROM `mxd_article_class` ORDER BY ac_sort asc  [ RunTime:0.0010s ]
SQL: SHOW COLUMNS FROM `mxd_adv_position` [ RunTime:0.0280s ]
SQL: SELECT * FROM `mxd_adv_position` WHERE ( ap_code='banner' )  [ RunTime:0.0110s ]
SQL: SELECT * FROM `mxd_adv_position` WHERE ( ap_code='index' ) LIMIT 4   [ RunTime:0.0000s ]
SQL: SELECT * FROM `mxd_adv_position` WHERE ( ap_code='link' )  [ RunTime:0.0000s ]
SQL: SHOW COLUMNS FROM `mxd_article` [ RunTime:0.0270s ]
SQL: SELECT * FROM `mxd_article` WHERE ( article_show=1 and ac_id=11 ) ORDER BY article_sort desc LIMIT 4   [ RunTime:0.0140s ]
SQL: SELECT * FROM `mxd_article` WHERE ( article_show=1 and ac_id=15 ) ORDER BY article_sort desc LIMIT 4   [ RunTime:0.0000s ]
SQL: SELECT * FROM `mxd_article` WHERE ( article_show=1 and ac_id=2 ) ORDER BY article_sort desc LIMIT 4   [ RunTime:0.0010s ]
SQL: SELECT * FROM `mxd_article` WHERE ( article_show=1 and ac_id=16 ) ORDER BY article_sort desc LIMIT 4   [ RunTime:0.0010s ]
SQL: SELECT * FROM `mxd_seo` WHERE ( type='index' ) LIMIT 1   [ RunTime:0.0010s ]
INFO: [ view_parse ] --START--
INFO: [ template_filter ] --START--
INFO: Run Behavior\ContentReplaceBehavior [ RunTime:0.000000s ]
INFO: [ template_filter ] --END-- [ RunTime:0.000000s ]
NOTIC: [8] Undefined variable: list C:\xamppnew\htdocs\PhonepadGames\WebApp\Runtime\Cache\Home\f979f298028cb7d6c5db82f38598cb54.php 第 152 行.
NOTIC: [8] Undefined variable: page C:\xamppnew\htdocs\PhonepadGames\WebApp\Runtime\Cache\Home\f979f298028cb7d6c5db82f38598cb54.php 第 158 行.
INFO: Run Behavior\ParseTemplateBehavior [ RunTime:0.174010s ]
INFO: [ view_parse ] --END-- [ RunTime:0.175010s ]
INFO: [ view_filter ] --START--
INFO: Run Behavior\WriteHtmlCacheBehavior [ RunTime:0.006000s ]
INFO: [ view_filter ] --END-- [ RunTime:0.006000s ]
INFO: [ app_end ] --START--
INFO: Run Behavior\ShowPageTraceBehavior [ RunTime:0.014001s ]
INFO: [ app_end ] --END-- [ RunTime:0.014001s ]

[ 2017-11-28T10:24:57+08:00 ] ::1 /Phonepadgames/Public/home/img/qrcode.png
INFO: [ app_init ] --START--
INFO: Run Behavior\BuildLiteBehavior [ RunTime:0.000000s ]
INFO: [ app_init ] --END-- [ RunTime:0.001000s ]

[ 2017-11-28T10:24:58+08:00 ] ::1 /Phonepadgames/Public/home/css/images/tg_flash_p.png
INFO: [ app_init ] --START--
INFO: Run Behavior\BuildLiteBehavior [ RunTime:0.000000s ]
INFO: [ app_init ] --END-- [ RunTime:0.001000s ]

[ 2017-11-28T10:36:21+08:00 ] ::1 /Phonepadgames/
INFO: [ app_init ] --START--
INFO: Run Behavior\BuildLiteBehavior [ RunTime:0.000000s ]
INFO: [ app_init ] --END-- [ RunTime:0.000000s ]
INFO: [ app_begin ] --START--
INFO: Run Behavior\ReadHtmlCacheBehavior [ RunTime:0.001000s ]
INFO: [ app_begin ] --END-- [ RunTime:0.001000s ]
SQL: SHOW COLUMNS FROM `mxd_document` [ RunTime:0.0120s ]
SQL: SELECT * FROM `mxd_document`  [ RunTime:0.0010s ]
SQL: SHOW COLUMNS FROM `mxd_seo` [ RunTime:0.0070s ]
SQL: SHOW COLUMNS FROM `mxd_article_class` [ RunTime:0.0170s ]
SQL: SELECT * FROM `mxd_article_class` ORDER BY ac_sort asc  [ RunTime:0.0010s ]
SQL: SHOW COLUMNS FROM `mxd_adv_position` [ RunTime:0.0180s ]
SQL: SELECT * FROM `mxd_adv_position` WHERE ( ap_code='banner' )  [ RunTime:0.0000s ]
SQL: SELECT * FROM `mxd_adv_position` WHERE ( ap_code='index' ) LIMIT 4   [ RunTime:0.0000s ]
SQL: SELECT * FROM `mxd_adv_position` WHERE ( ap_code='link' )  [ RunTime:0.0000s ]
SQL: SHOW COLUMNS FROM `mxd_article` [ RunTime:0.0170s ]
SQL: SELECT * FROM `mxd_article` WHERE ( article_show=1 and ac_id=11 ) ORDER BY article_sort desc LIMIT 4   [ RunTime:0.0010s ]
SQL: SELECT * FROM `mxd_article` WHERE ( article_show=1 and ac_id=15 ) ORDER BY article_sort desc LIMIT 4   [ RunTime:0.0000s ]
SQL: SELECT * FROM `mxd_article` WHERE ( article_show=1 and ac_id=2 ) ORDER BY article_sort desc LIMIT 4   [ RunTime:0.0000s ]
SQL: SELECT * FROM `mxd_article` WHERE ( article_show=1 and ac_id=16 ) ORDER BY article_sort desc LIMIT 4   [ RunTime:0.0000s ]
SQL: SELECT * FROM `mxd_seo` WHERE ( type='index' ) LIMIT 1   [ RunTime:0.0000s ]
INFO: [ view_parse ] --START--
INFO: [ template_filter ] --START--
INFO: Run Behavior\ContentReplaceBehavior [ RunTime:0.001000s ]
INFO: [ template_filter ] --END-- [ RunTime:0.001000s ]
NOTIC: [8] Undefined variable: list C:\xamppnew\htdocs\PhonepadGames\WebApp\Runtime\Cache\Home\f979f298028cb7d6c5db82f38598cb54.php 第 152 行.
NOTIC: [8] Undefined variable: page C:\xamppnew\htdocs\PhonepadGames\WebApp\Runtime\Cache\Home\f979f298028cb7d6c5db82f38598cb54.php 第 158 行.
INFO: Run Behavior\ParseTemplateBehavior [ RunTime:0.056003s ]
INFO: [ view_parse ] --END-- [ RunTime:0.056003s ]
INFO: [ view_filter ] --START--
INFO: Run Behavior\WriteHtmlCacheBehavior [ RunTime:0.001000s ]
INFO: [ view_filter ] --END-- [ RunTime:0.001000s ]
INFO: [ app_end ] --START--
INFO: Run Behavior\ShowPageTraceBehavior [ RunTime:0.002000s ]
INFO: [ app_end ] --END-- [ RunTime:0.004001s ]

[ 2017-11-28T10:36:21+08:00 ] ::1 /Phonepadgames/Public/home/img/qrcode.png
INFO: [ app_init ] --START--
INFO: Run Behavior\BuildLiteBehavior [ RunTime:0.000000s ]
INFO: [ app_init ] --END-- [ RunTime:0.000000s ]

[ 2017-11-28T10:36:21+08:00 ] ::1 /Phonepadgames/Public/home/css/images/tg_flash_p.png
INFO: [ app_init ] --START--
INFO: Run Behavior\BuildLiteBehavior [ RunTime:0.000000s ]
INFO: [ app_init ] --END-- [ RunTime:0.001000s ]

[ 2017-11-28T10:36:23+08:00 ] ::1 /Phonepadgames/
INFO: [ app_init ] --START--
INFO: Run Behavior\BuildLiteBehavior [ RunTime:0.000000s ]
INFO: [ app_init ] --END-- [ RunTime:0.001000s ]
INFO: [ app_begin ] --START--
INFO: Run Behavior\ReadHtmlCacheBehavior [ RunTime:0.000000s ]
INFO: [ app_begin ] --END-- [ RunTime:0.002000s ]
SQL: SHOW COLUMNS FROM `mxd_document` [ RunTime:0.0180s ]
SQL: SELECT * FROM `mxd_document`  [ RunTime:0.0000s ]
SQL: SHOW COLUMNS FROM `mxd_seo` [ RunTime:0.0190s ]
SQL: SHOW COLUMNS FROM `mxd_article_class` [ RunTime:0.0220s ]
SQL: SELECT * FROM `mxd_article_class` ORDER BY ac_sort asc  [ RunTime:0.0000s ]
SQL: SHOW COLUMNS FROM `mxd_adv_position` [ RunTime:0.0220s ]
SQL: SELECT * FROM `mxd_adv_position` WHERE ( ap_code='banner' )  [ RunTime:0.0000s ]
SQL: SELECT * FROM `mxd_adv_position` WHERE ( ap_code='index' ) LIMIT 4   [ RunTime:0.0000s ]
SQL: SELECT * FROM `mxd_adv_position` WHERE ( ap_code='link' )  [ RunTime:0.0010s ]
SQL: SHOW COLUMNS FROM `mxd_article` [ RunTime:0.0210s ]
SQL: SELECT * FROM `mxd_article` WHERE ( article_show=1 and ac_id=11 ) ORDER BY article_sort desc LIMIT 4   [ RunTime:0.0010s ]
SQL: SELECT * FROM `mxd_article` WHERE ( article_show=1 and ac_id=15 ) ORDER BY article_sort desc LIMIT 4   [ RunTime:0.0020s ]
SQL: SELECT * FROM `mxd_article` WHERE ( article_show=1 and ac_id=2 ) ORDER BY article_sort desc LIMIT 4   [ RunTime:0.0010s ]
SQL: SELECT * FROM `mxd_article` WHERE ( article_show=1 and ac_id=16 ) ORDER BY article_sort desc LIMIT 4   [ RunTime:0.0010s ]
SQL: SELECT * FROM `mxd_seo` WHERE ( type='index' ) LIMIT 1   [ RunTime:0.0010s ]
INFO: [ view_parse ] --START--
INFO: [ template_filter ] --START--
INFO: Run Behavior\ContentReplaceBehavior [ RunTime:0.000000s ]
INFO: [ template_filter ] --END-- [ RunTime:0.001000s ]
NOTIC: [8] Undefined variable: list C:\xamppnew\htdocs\PhonepadGames\WebApp\Runtime\Cache\Home\f979f298028cb7d6c5db82f38598cb54.php 第 152 行.
NOTIC: [8] Undefined variable: page C:\xamppnew\htdocs\PhonepadGames\WebApp\Runtime\Cache\Home\f979f298028cb7d6c5db82f38598cb54.php 第 158 行.
INFO: Run Behavior\ParseTemplateBehavior [ RunTime:0.061003s ]
INFO: [ view_parse ] --END-- [ RunTime:0.062003s ]
INFO: [ view_filter ] --START--
INFO: Run Behavior\WriteHtmlCacheBehavior [ RunTime:0.001000s ]
INFO: [ view_filter ] --END-- [ RunTime:0.001000s ]
INFO: [ app_end ] --START--
INFO: Run Behavior\ShowPageTraceBehavior [ RunTime:0.002000s ]
INFO: [ app_end ] --END-- [ RunTime:0.002000s ]

[ 2017-11-28T10:36:23+08:00 ] ::1 /Phonepadgames/Public/home/img/qrcode.png
INFO: [ app_init ] --START--
INFO: Run Behavior\BuildLiteBehavior [ RunTime:0.000000s ]
INFO: [ app_init ] --END-- [ RunTime:0.001000s ]

[ 2017-11-28T10:36:23+08:00 ] ::1 /Phonepadgames/Public/home/css/images/tg_flash_p.png
INFO: [ app_init ] --START--
INFO: Run Behavior\BuildLiteBehavior [ RunTime:0.000000s ]
INFO: [ app_init ] --END-- [ RunTime:0.000000s ]

[ 2017-11-28T15:52:42+08:00 ] ::1 /Phonepadgames/
INFO: [ app_init ] --START--
INFO: Run Behavior\BuildLiteBehavior [ RunTime:0.000000s ]
INFO: [ app_init ] --END-- [ RunTime:0.026001s ]
INFO: [ app_begin ] --START--
INFO: Run Behavior\ReadHtmlCacheBehavior [ RunTime:0.002000s ]
INFO: [ app_begin ] --END-- [ RunTime:0.002000s ]
SQL: SHOW COLUMNS FROM `mxd_document` [ RunTime:0.0910s ]
SQL: SELECT * FROM `mxd_document`  [ RunTime:0.0010s ]
SQL: SHOW COLUMNS FROM `mxd_seo` [ RunTime:0.0100s ]
SQL: SHOW COLUMNS FROM `mxd_article_class` [ RunTime:0.0090s ]
SQL: SELECT * FROM `mxd_article_class` ORDER BY ac_sort asc  [ RunTime:0.0150s ]
SQL: SHOW COLUMNS FROM `mxd_adv_position` [ RunTime:0.0080s ]
SQL: SELECT * FROM `mxd_adv_position` WHERE ( ap_code='banner' )  [ RunTime:0.0010s ]
SQL: SELECT * FROM `mxd_adv_position` WHERE ( ap_code='index' ) LIMIT 4   [ RunTime:0.0010s ]
SQL: SELECT * FROM `mxd_adv_position` WHERE ( ap_code='link' )  [ RunTime:0.0010s ]
SQL: SHOW COLUMNS FROM `mxd_article` [ RunTime:0.0090s ]
SQL: SELECT * FROM `mxd_article` WHERE ( article_show=1 and ac_id=11 ) ORDER BY article_sort desc LIMIT 4   [ RunTime:0.0010s ]
SQL: SELECT * FROM `mxd_article` WHERE ( article_show=1 and ac_id=15 ) ORDER BY article_sort desc LIMIT 4   [ RunTime:0.0010s ]
SQL: SELECT * FROM `mxd_article` WHERE ( article_show=1 and ac_id=2 ) ORDER BY article_sort desc LIMIT 4   [ RunTime:0.0000s ]
SQL: SELECT * FROM `mxd_article` WHERE ( article_show=1 and ac_id=16 ) ORDER BY article_sort desc LIMIT 4   [ RunTime:0.0000s ]
SQL: SELECT * FROM `mxd_seo` WHERE ( type='index' ) LIMIT 1   [ RunTime:0.0000s ]
INFO: [ view_parse ] --START--
INFO: [ template_filter ] --START--
INFO: Run Behavior\ContentReplaceBehavior [ RunTime:0.000000s ]
INFO: [ template_filter ] --END-- [ RunTime:0.000000s ]
NOTIC: [8] Undefined variable: list C:\xamppnew\htdocs\PhonepadGames\WebApp\Runtime\Cache\Home\f979f298028cb7d6c5db82f38598cb54.php 第 152 行.
NOTIC: [8] Undefined variable: page C:\xamppnew\htdocs\PhonepadGames\WebApp\Runtime\Cache\Home\f979f298028cb7d6c5db82f38598cb54.php 第 158 行.
INFO: Run Behavior\ParseTemplateBehavior [ RunTime:0.201012s ]
INFO: [ view_parse ] --END-- [ RunTime:0.202012s ]
INFO: [ view_filter ] --START--
INFO: Run Behavior\WriteHtmlCacheBehavior [ RunTime:0.001000s ]
INFO: [ view_filter ] --END-- [ RunTime:0.001000s ]
INFO: [ app_end ] --START--
INFO: Run Behavior\ShowPageTraceBehavior [ RunTime:0.004000s ]
INFO: [ app_end ] --END-- [ RunTime:0.004000s ]

[ 2017-11-28T15:52:42+08:00 ] ::1 /Phonepadgames/Public/home/img/qrcode.png
INFO: [ app_init ] --START--
INFO: Run Behavior\BuildLiteBehavior [ RunTime:0.000000s ]
INFO: [ app_init ] --END-- [ RunTime:0.001000s ]

[ 2017-11-28T15:52:43+08:00 ] ::1 /Phonepadgames/Public/home/css/images/tg_flash_p.png
INFO: [ app_init ] --START--
INFO: Run Behavior\BuildLiteBehavior [ RunTime:0.000000s ]
INFO: [ app_init ] --END-- [ RunTime:0.001000s ]

[ 2017-11-28T16:25:56+08:00 ] ::1 /Phonepadgames/
INFO: [ app_init ] --START--
INFO: Run Behavior\BuildLiteBehavior [ RunTime:0.000000s ]
INFO: [ app_init ] --END-- [ RunTime:0.001000s ]
INFO: [ app_begin ] --START--
INFO: Run Behavior\ReadHtmlCacheBehavior [ RunTime:0.001000s ]
INFO: [ app_begin ] --END-- [ RunTime:0.002000s ]
SQL: SHOW COLUMNS FROM `mxd_document` [ RunTime:0.0060s ]
SQL: SELECT * FROM `mxd_document`  [ RunTime:0.0060s ]
SQL: SHOW COLUMNS FROM `mxd_seo` [ RunTime:0.0070s ]
SQL: SHOW COLUMNS FROM `mxd_article_class` [ RunTime:0.0060s ]
SQL: SELECT * FROM `mxd_article_class` ORDER BY ac_sort asc  [ RunTime:0.0010s ]
SQL: SHOW COLUMNS FROM `mxd_adv_position` [ RunTime:0.0200s ]
SQL: SELECT * FROM `mxd_adv_position` WHERE ( ap_code='banner' )  [ RunTime:0.0010s ]
SQL: SELECT * FROM `mxd_adv_position` WHERE ( ap_code='index' ) LIMIT 4   [ RunTime:0.0010s ]
SQL: SELECT * FROM `mxd_adv_position` WHERE ( ap_code='link' )  [ RunTime:0.0000s ]
SQL: SHOW COLUMNS FROM `mxd_article` [ RunTime:0.0110s ]
SQL: SELECT * FROM `mxd_article` WHERE ( article_show=1 and ac_id=11 ) ORDER BY article_sort desc LIMIT 4   [ RunTime:0.0000s ]
SQL: SELECT * FROM `mxd_article` WHERE ( article_show=1 and ac_id=15 ) ORDER BY article_sort desc LIMIT 4   [ RunTime:0.0020s ]
SQL: SELECT * FROM `mxd_article` WHERE ( article_show=1 and ac_id=2 ) ORDER BY article_sort desc LIMIT 4   [ RunTime:0.0010s ]
SQL: SELECT * FROM `mxd_article` WHERE ( article_show=1 and ac_id=16 ) ORDER BY article_sort desc LIMIT 4   [ RunTime:0.0010s ]
SQL: SELECT * FROM `mxd_seo` WHERE ( type='index' ) LIMIT 1   [ RunTime:0.0000s ]
INFO: [ view_parse ] --START--
INFO: [ template_filter ] --START--
INFO: Run Behavior\ContentReplaceBehavior [ RunTime:0.001000s ]
INFO: [ template_filter ] --END-- [ RunTime:0.001000s ]
NOTIC: [8] Undefined variable: list C:\xamppnew\htdocs\PhonepadGames\WebApp\Runtime\Cache\Home\f979f298028cb7d6c5db82f38598cb54.php 第 152 行.
NOTIC: [8] Undefined variable: page C:\xamppnew\htdocs\PhonepadGames\WebApp\Runtime\Cache\Home\f979f298028cb7d6c5db82f38598cb54.php 第 158 行.
INFO: Run Behavior\ParseTemplateBehavior [ RunTime:0.097006s ]
INFO: [ view_parse ] --END-- [ RunTime:0.097006s ]
INFO: [ view_filter ] --START--
INFO: Run Behavior\WriteHtmlCacheBehavior [ RunTime:0.004000s ]
INFO: [ view_filter ] --END-- [ RunTime:0.004000s ]
INFO: [ app_end ] --START--
INFO: Run Behavior\ShowPageTraceBehavior [ RunTime:0.004000s ]
INFO: [ app_end ] --END-- [ RunTime:0.006000s ]

[ 2017-11-28T16:25:57+08:00 ] ::1 /Phonepadgames/Public/home/img/qrcode.png
INFO: [ app_init ] --START--
INFO: Run Behavior\BuildLiteBehavior [ RunTime:0.000000s ]
INFO: [ app_init ] --END-- [ RunTime:0.001000s ]

[ 2017-11-28T16:25:57+08:00 ] ::1 /Phonepadgames/Public/home/css/images/tg_flash_p.png
INFO: [ app_init ] --START--
INFO: Run Behavior\BuildLiteBehavior [ RunTime:0.000000s ]
INFO: [ app_init ] --END-- [ RunTime:0.001000s ]

