[ 2017-11-21T10:23:32+08:00 ] 127.0.0.1 /Phonepadgames/
INFO: [ app_init ] --START--
INFO: Run Behavior\BuildLiteBehavior [ RunTime:0.000000s ]
INFO: [ app_init ] --END-- [ RunTime:0.023001s ]
INFO: [ app_begin ] --START--
INFO: Run Behavior\ReadHtmlCacheBehavior [ RunTime:0.002000s ]
INFO: [ app_begin ] --END-- [ RunTime:0.002000s ]
SQL: SHOW COLUMNS FROM `mxd_document` [ RunTime:0.2530s ]
SQL: SELECT * FROM `mxd_document`  [ RunTime:0.0030s ]
SQL: SHOW COLUMNS FROM `mxd_seo` [ RunTime:0.0350s ]
SQL: SHOW COLUMNS FROM `mxd_article_class` [ RunTime:0.0510s ]
SQL: SELECT * FROM `mxd_article_class` ORDER BY ac_sort asc  [ RunTime:0.0010s ]
SQL: SHOW COLUMNS FROM `mxd_adv_position` [ RunTime:0.0430s ]
SQL: SELECT * FROM `mxd_adv_position` WHERE ( ap_code='banner' )  [ RunTime:0.0160s ]
SQL: SELECT * FROM `mxd_adv_position` WHERE ( ap_code='index' ) LIMIT 4   [ RunTime:0.0010s ]
SQL: SELECT * FROM `mxd_adv_position` WHERE ( ap_code='link' )  [ RunTime:0.0010s ]
SQL: SHOW COLUMNS FROM `mxd_article` [ RunTime:0.0300s ]
SQL: SELECT * FROM `mxd_article` WHERE ( article_show=1 and ac_id=11 ) ORDER BY article_sort desc LIMIT 4   [ RunTime:0.0130s ]
SQL: SELECT * FROM `mxd_article` WHERE ( article_show=1 and ac_id=15 ) ORDER BY article_sort desc LIMIT 4   [ RunTime:0.0000s ]
SQL: SELECT * FROM `mxd_article` WHERE ( article_show=1 and ac_id=2 ) ORDER BY article_sort desc LIMIT 4   [ RunTime:0.0000s ]
SQL: SELECT * FROM `mxd_article` WHERE ( article_show=1 and ac_id=16 ) ORDER BY article_sort desc LIMIT 4   [ RunTime:0.0010s ]
SQL: SELECT * FROM `mxd_seo` WHERE ( type='index' ) LIMIT 1   [ RunTime:0.0010s ]
INFO: [ view_parse ] --START--
INFO: [ template_filter ] --START--
INFO: Run Behavior\ContentReplaceBehavior [ RunTime:0.000000s ]
INFO: [ template_filter ] --END-- [ RunTime:0.000000s ]
NOTIC: [8] Undefined variable: list C:\xamppnew\htdocs\PhonepadGames\WebApp\Runtime\Cache\Home\f979f298028cb7d6c5db82f38598cb54.php 第 152 行.
NOTIC: [8] Undefined variable: page C:\xamppnew\htdocs\PhonepadGames\WebApp\Runtime\Cache\Home\f979f298028cb7d6c5db82f38598cb54.php 第 158 行.
INFO: Run Behavior\ParseTemplateBehavior [ RunTime:0.220013s ]
INFO: [ view_parse ] --END-- [ RunTime:0.220013s ]
INFO: [ view_filter ] --START--
INFO: Run Behavior\WriteHtmlCacheBehavior [ RunTime:0.005000s ]
INFO: [ view_filter ] --END-- [ RunTime:0.005000s ]
INFO: [ app_end ] --START--
INFO: Run Behavior\ShowPageTraceBehavior [ RunTime:0.002000s ]
INFO: [ app_end ] --END-- [ RunTime:0.002000s ]

[ 2017-11-21T10:23:32+08:00 ] 127.0.0.1 /Phonepadgames/Public/home/img/qrcode.png
INFO: [ app_init ] --START--
INFO: Run Behavior\BuildLiteBehavior [ RunTime:0.000000s ]
INFO: [ app_init ] --END-- [ RunTime:0.001000s ]

[ 2017-11-21T13:59:26+08:00 ] 127.0.0.1 /Phonepadgames/
INFO: [ app_init ] --START--
INFO: Run Behavior\BuildLiteBehavior [ RunTime:0.000000s ]
INFO: [ app_init ] --END-- [ RunTime:0.002000s ]
INFO: [ app_begin ] --START--
INFO: Run Behavior\ReadHtmlCacheBehavior [ RunTime:0.002000s ]
INFO: [ app_begin ] --END-- [ RunTime:0.002000s ]
SQL: SHOW COLUMNS FROM `mxd_document` [ RunTime:0.0110s ]
SQL: SELECT * FROM `mxd_document`  [ RunTime:0.0000s ]
SQL: SHOW COLUMNS FROM `mxd_seo` [ RunTime:0.0080s ]
SQL: SHOW COLUMNS FROM `mxd_article_class` [ RunTime:0.0090s ]
SQL: SELECT * FROM `mxd_article_class` ORDER BY ac_sort asc  [ RunTime:0.0000s ]
SQL: SHOW COLUMNS FROM `mxd_adv_position` [ RunTime:0.0080s ]
SQL: SELECT * FROM `mxd_adv_position` WHERE ( ap_code='banner' )  [ RunTime:0.0010s ]
SQL: SELECT * FROM `mxd_adv_position` WHERE ( ap_code='index' ) LIMIT 4   [ RunTime:0.0020s ]
SQL: SELECT * FROM `mxd_adv_position` WHERE ( ap_code='link' )  [ RunTime:0.0000s ]
SQL: SHOW COLUMNS FROM `mxd_article` [ RunTime:0.0070s ]
SQL: SELECT * FROM `mxd_article` WHERE ( article_show=1 and ac_id=11 ) ORDER BY article_sort desc LIMIT 4   [ RunTime:0.0010s ]
SQL: SELECT * FROM `mxd_article` WHERE ( article_show=1 and ac_id=15 ) ORDER BY article_sort desc LIMIT 4   [ RunTime:0.0000s ]
SQL: SELECT * FROM `mxd_article` WHERE ( article_show=1 and ac_id=2 ) ORDER BY article_sort desc LIMIT 4   [ RunTime:0.0000s ]
SQL: SELECT * FROM `mxd_article` WHERE ( article_show=1 and ac_id=16 ) ORDER BY article_sort desc LIMIT 4   [ RunTime:0.0000s ]
SQL: SELECT * FROM `mxd_seo` WHERE ( type='index' ) LIMIT 1   [ RunTime:0.0010s ]
INFO: [ view_parse ] --START--
INFO: [ template_filter ] --START--
INFO: Run Behavior\ContentReplaceBehavior [ RunTime:0.000000s ]
INFO: [ template_filter ] --END-- [ RunTime:0.000000s ]
NOTIC: [8] Undefined variable: list C:\xamppnew\htdocs\PhonepadGames\WebApp\Runtime\Cache\Home\f979f298028cb7d6c5db82f38598cb54.php 第 152 行.
NOTIC: [8] Undefined variable: page C:\xamppnew\htdocs\PhonepadGames\WebApp\Runtime\Cache\Home\f979f298028cb7d6c5db82f38598cb54.php 第 158 行.
INFO: Run Behavior\ParseTemplateBehavior [ RunTime:0.129007s ]
INFO: [ view_parse ] --END-- [ RunTime:0.130007s ]
INFO: [ view_filter ] --START--
INFO: Run Behavior\WriteHtmlCacheBehavior [ RunTime:0.003000s ]
INFO: [ view_filter ] --END-- [ RunTime:0.003000s ]
INFO: [ app_end ] --START--
INFO: Run Behavior\ShowPageTraceBehavior [ RunTime:0.011001s ]
INFO: [ app_end ] --END-- [ RunTime:0.012001s ]

[ 2017-11-21T13:59:26+08:00 ] 127.0.0.1 /Phonepadgames/Public/home/img/qrcode.png
INFO: [ app_init ] --START--
INFO: Run Behavior\BuildLiteBehavior [ RunTime:0.000000s ]
INFO: [ app_init ] --END-- [ RunTime:0.001000s ]

